0 info it worked if it ends with ok
1 verbose cli [ 'C:\\Program Files (x86)\\nodejs\\\\node.exe',
1 verbose cli   'C:\\Program Files (x86)\\nodejs\\node_modules\\npm\\bin\\npm-cli.js',
1 verbose cli   'install',
1 verbose cli   'bcrypt' ]
2 info using npm@2.11.3
3 info using node@v0.12.7
4 verbose install initial load of C:\Users\Owner\Desktop\hapi\hapi-test\src\package.json
5 verbose installManyTop reading scoped package data from C:\Users\Owner\Desktop\hapi\hapi-test\src\node_modules\bcryptjs\package.json
6 verbose installManyTop reading scoped package data from C:\Users\Owner\Desktop\hapi\hapi-test\src\node_modules\bluebird\package.json
7 verbose installManyTop reading scoped package data from C:\Users\Owner\Desktop\hapi\hapi-test\src\node_modules\hapi\package.json
8 verbose installManyTop reading scoped package data from C:\Users\Owner\Desktop\hapi\hapi-test\src\node_modules\knex\package.json
9 verbose installManyTop reading scoped package data from C:\Users\Owner\Desktop\hapi\hapi-test\src\node_modules\ls-config\package.json
10 verbose installManyTop reading scoped package data from C:\Users\Owner\Desktop\hapi\hapi-test\src\node_modules\sqlite3\package.json
11 info package.json ls-config@0.2.2 No README data
12 info package.json sqlite3@3.0.10 No license field.
13 verbose readDependencies loading dependencies from C:\Users\Owner\Desktop\hapi\hapi-test\src\package.json
14 silly cache add args [ 'bcrypt', null ]
15 verbose cache add spec bcrypt
16 silly cache add parsed spec { raw: 'bcrypt',
16 silly cache add   scope: null,
16 silly cache add   name: 'bcrypt',
16 silly cache add   rawSpec: '',
16 silly cache add   spec: '*',
16 silly cache add   type: 'range' }
17 silly addNamed bcrypt@*
18 verbose addNamed "*" is a valid semver range for bcrypt
19 silly addNameRange { name: 'bcrypt', range: '*', hasData: false }
20 silly mapToRegistry name bcrypt
21 silly mapToRegistry using default registry
22 silly mapToRegistry registry https://registry.npmjs.org/
23 silly mapToRegistry uri https://registry.npmjs.org/bcrypt
24 verbose addNameRange registry:https://registry.npmjs.org/bcrypt not in flight; fetching
25 verbose request uri https://registry.npmjs.org/bcrypt
26 verbose request no auth needed
27 info attempt registry request try #1 at 11:19:29 AM
28 verbose request id a3532734a9488ce2
29 verbose etag "F5LKQ9M2S1IVB3ZKCW9RNP1VI"
30 http request GET https://registry.npmjs.org/bcrypt
31 http 304 https://registry.npmjs.org/bcrypt
32 silly get cb [ 304,
32 silly get   { date: 'Mon, 17 Aug 2015 16:19:30 GMT',
32 silly get     via: '1.1 varnish',
32 silly get     'cache-control': 'max-age=60',
32 silly get     etag: '"F5LKQ9M2S1IVB3ZKCW9RNP1VI"',
32 silly get     age: '0',
32 silly get     connection: 'keep-alive',
32 silly get     'x-served-by': 'cache-ord1727-ORD',
32 silly get     'x-cache': 'HIT',
32 silly get     'x-cache-hits': '1',
32 silly get     'x-timer': 'S1439828370.236212,VS0,VE64',
32 silly get     vary: 'Accept' } ]
33 verbose etag https://registry.npmjs.org/bcrypt from cache
34 verbose get saving bcrypt to C:\Users\Owner\AppData\Roaming\npm-cache\registry.npmjs.org\bcrypt\.cache.json
35 silly addNameRange number 2 { name: 'bcrypt', range: '*', hasData: true }
36 silly addNameRange versions [ 'bcrypt',
36 silly addNameRange   [ '0.1.2',
36 silly addNameRange     '0.2.0',
36 silly addNameRange     '0.2.1',
36 silly addNameRange     '0.1.3',
36 silly addNameRange     '0.2.2',
36 silly addNameRange     '0.2.3',
36 silly addNameRange     '0.2.4',
36 silly addNameRange     '0.3.0',
36 silly addNameRange     '0.3.1',
36 silly addNameRange     '0.3.2',
36 silly addNameRange     '0.4.0',
36 silly addNameRange     '0.4.1',
36 silly addNameRange     '0.5.0',
36 silly addNameRange     '0.6.0',
36 silly addNameRange     '0.7.0',
36 silly addNameRange     '0.7.1',
36 silly addNameRange     '0.7.2',
36 silly addNameRange     '0.7.3',
36 silly addNameRange     '0.7.4',
36 silly addNameRange     '0.7.5',
36 silly addNameRange     '0.7.6',
36 silly addNameRange     '0.7.7',
36 silly addNameRange     '0.7.8',
36 silly addNameRange     '0.8.0',
36 silly addNameRange     '0.8.1',
36 silly addNameRange     '0.8.2',
36 silly addNameRange     '0.8.3',
36 silly addNameRange     '0.8.4',
36 silly addNameRange     '0.8.5' ] ]
37 silly addNamed bcrypt@0.8.5
38 verbose addNamed "0.8.5" is a plain semver version for bcrypt
39 silly cache afterAdd bcrypt@0.8.5
40 verbose afterAdd C:\Users\Owner\AppData\Roaming\npm-cache\bcrypt\0.8.5\package\package.json not in flight; writing
41 verbose afterAdd C:\Users\Owner\AppData\Roaming\npm-cache\bcrypt\0.8.5\package\package.json written
42 silly install resolved [ { name: 'bcrypt',
42 silly install resolved     description: 'A bcrypt library for NodeJS.',
42 silly install resolved     keywords:
42 silly install resolved      [ 'bcrypt',
42 silly install resolved        'password',
42 silly install resolved        'auth',
42 silly install resolved        'authentication',
42 silly install resolved        'encryption',
42 silly install resolved        'crypt',
42 silly install resolved        'crypto' ],
42 silly install resolved     main: './bcrypt',
42 silly install resolved     version: '0.8.5',
42 silly install resolved     author: { name: 'Nick Campbell', url: 'https://github.com/ncb000gt' },
42 silly install resolved     engines: { node: '>= 0.6.0' },
42 silly install resolved     repository:
42 silly install resolved      { type: 'git',
42 silly install resolved        url: 'git+https://github.com/ncb000gt/node.bcrypt.js.git' },
42 silly install resolved     license: 'MIT',
42 silly install resolved     bugs: { url: 'https://github.com/ncb000gt/node.bcrypt.js/issues' },
42 silly install resolved     scripts:
42 silly install resolved      { test: 'node-gyp configure build && nodeunit test',
42 silly install resolved        install: 'node-gyp rebuild' },
42 silly install resolved     dependencies: { bindings: '1.2.1', nan: '2.0.5' },
42 silly install resolved     devDependencies: { nodeunit: '~0.9.1' },
42 silly install resolved     contributors:
42 silly install resolved      [ [Object],
42 silly install resolved        [Object],
42 silly install resolved        [Object],
42 silly install resolved        [Object],
42 silly install resolved        [Object],
42 silly install resolved        [Object],
42 silly install resolved        [Object],
42 silly install resolved        [Object],
42 silly install resolved        [Object],
42 silly install resolved        [Object],
42 silly install resolved        [Object],
42 silly install resolved        [Object],
42 silly install resolved        [Object],
42 silly install resolved        [Object] ],
42 silly install resolved     gypfile: true,
42 silly install resolved     gitHead: '5d97708f06754d7d7989c67ba867002d10013615',
42 silly install resolved     homepage: 'https://github.com/ncb000gt/node.bcrypt.js#readme',
42 silly install resolved     _id: 'bcrypt@0.8.5',
42 silly install resolved     _shasum: '8e5b81b4db80e944f440005979ca8d58a961861d',
42 silly install resolved     _from: 'bcrypt@*',
42 silly install resolved     _npmVersion: '2.13.3',
42 silly install resolved     _nodeVersion: '3.0.0',
42 silly install resolved     _npmUser: { name: 'defunctzombie', email: 'shtylman@gmail.com' },
42 silly install resolved     dist:
42 silly install resolved      { shasum: '8e5b81b4db80e944f440005979ca8d58a961861d',
42 silly install resolved        tarball: 'http://registry.npmjs.org/bcrypt/-/bcrypt-0.8.5.tgz' },
42 silly install resolved     maintainers: [ [Object], [Object], [Object], [Object] ],
42 silly install resolved     directories: {},
42 silly install resolved     _resolved: 'https://registry.npmjs.org/bcrypt/-/bcrypt-0.8.5.tgz',
42 silly install resolved     readme: 'ERROR: No README data found!' } ]
43 info install bcrypt@0.8.5 into C:\Users\Owner\Desktop\hapi\hapi-test\src
44 info installOne bcrypt@0.8.5
45 verbose installOne of bcrypt to C:\Users\Owner\Desktop\hapi\hapi-test\src not in flight; installing
46 verbose lock using C:\Users\Owner\AppData\Roaming\npm-cache\_locks\bcrypt-fb200197714ad3b8.lock for C:\Users\Owner\Desktop\hapi\hapi-test\src\node_modules\bcrypt
47 silly install write writing bcrypt 0.8.5 to C:\Users\Owner\Desktop\hapi\hapi-test\src\node_modules\bcrypt
48 verbose unbuild node_modules\bcrypt
49 silly gentlyRm C:\Users\Owner\Desktop\hapi\hapi-test\src\node_modules\bcrypt is being purged from base C:\Users\Owner\Desktop\hapi\hapi-test\src
50 verbose gentlyRm don't care about contents; nuking C:\Users\Owner\Desktop\hapi\hapi-test\src\node_modules\bcrypt
51 verbose tar unpack C:\Users\Owner\AppData\Roaming\npm-cache\bcrypt\0.8.5\package.tgz
52 verbose tar unpacking to C:\Users\Owner\Desktop\hapi\hapi-test\src\node_modules\bcrypt
53 silly gentlyRm C:\Users\Owner\Desktop\hapi\hapi-test\src\node_modules\bcrypt is being purged
54 verbose gentlyRm don't care about contents; nuking C:\Users\Owner\Desktop\hapi\hapi-test\src\node_modules\bcrypt
55 silly gunzTarPerm modes [ '777', '666' ]
56 silly gunzTarPerm extractEntry package.json
57 silly gunzTarPerm modified mode [ 'package.json', 420, 438 ]
58 silly gunzTarPerm extractEntry .npmignore
59 silly gunzTarPerm modified mode [ '.npmignore', 420, 438 ]
60 silly gunzTarPerm extractEntry README.md
61 silly gunzTarPerm modified mode [ 'README.md', 420, 438 ]
62 silly gunzTarPerm extractEntry LICENSE
63 silly gunzTarPerm modified mode [ 'LICENSE', 420, 438 ]
64 silly gunzTarPerm extractEntry bcrypt.js
65 silly gunzTarPerm modified mode [ 'bcrypt.js', 420, 438 ]
66 silly gunzTarPerm extractEntry binding.gyp
67 silly gunzTarPerm modified mode [ 'binding.gyp', 420, 438 ]
68 silly gunzTarPerm extractEntry .travis.yml
69 silly gunzTarPerm modified mode [ '.travis.yml', 420, 438 ]
70 silly gunzTarPerm extractEntry CHANGELOG.md
71 silly gunzTarPerm modified mode [ 'CHANGELOG.md', 420, 438 ]
72 silly gunzTarPerm extractEntry examples/async_compare.js
73 silly gunzTarPerm modified mode [ 'examples/async_compare.js', 420, 438 ]
74 silly gunzTarPerm extractEntry examples/forever_gen_salt.js
75 silly gunzTarPerm modified mode [ 'examples/forever_gen_salt.js', 420, 438 ]
76 silly gunzTarPerm extractEntry test/async.js
77 silly gunzTarPerm modified mode [ 'test/async.js', 420, 438 ]
78 silly gunzTarPerm extractEntry test/repetitions.js
79 silly gunzTarPerm modified mode [ 'test/repetitions.js', 420, 438 ]
80 silly gunzTarPerm extractEntry test/sync.js
81 silly gunzTarPerm modified mode [ 'test/sync.js', 420, 438 ]
82 silly gunzTarPerm extractEntry Makefile
83 silly gunzTarPerm modified mode [ 'Makefile', 420, 438 ]
84 silly gunzTarPerm extractEntry src/bcrypt.cc
85 silly gunzTarPerm modified mode [ 'src/bcrypt.cc', 420, 438 ]
86 silly gunzTarPerm extractEntry src/bcrypt_node.cc
87 silly gunzTarPerm modified mode [ 'src/bcrypt_node.cc', 420, 438 ]
88 silly gunzTarPerm extractEntry src/blowfish.cc
89 silly gunzTarPerm modified mode [ 'src/blowfish.cc', 420, 438 ]
90 silly gunzTarPerm extractEntry src/node_blf.h
91 silly gunzTarPerm modified mode [ 'src/node_blf.h', 420, 438 ]
92 silly gunzTarPerm extractEntry werker.yml
93 silly gunzTarPerm modified mode [ 'werker.yml', 420, 438 ]
94 verbose write writing to C:\Users\Owner\Desktop\hapi\hapi-test\src\node_modules\bcrypt\package.json
95 info preinstall bcrypt@0.8.5
96 verbose readDependencies loading dependencies from C:\Users\Owner\Desktop\hapi\hapi-test\src\node_modules\bcrypt\package.json
97 silly prepareForInstallMany adding bindings@1.2.1 from bcrypt dependencies
98 silly prepareForInstallMany adding nan@2.0.5 from bcrypt dependencies
99 verbose readDependencies loading dependencies from C:\Users\Owner\Desktop\hapi\hapi-test\src\node_modules\bcrypt\package.json
100 silly cache add args [ 'bindings@1.2.1', null ]
101 verbose cache add spec bindings@1.2.1
102 silly cache add args [ 'nan@2.0.5', null ]
103 verbose cache add spec nan@2.0.5
104 silly cache add parsed spec { raw: 'bindings@1.2.1',
104 silly cache add   scope: null,
104 silly cache add   name: 'bindings',
104 silly cache add   rawSpec: '1.2.1',
104 silly cache add   spec: '1.2.1',
104 silly cache add   type: 'version' }
105 silly addNamed bindings@1.2.1
106 verbose addNamed "1.2.1" is a plain semver version for bindings
107 silly mapToRegistry name bindings
108 silly mapToRegistry using default registry
109 silly mapToRegistry registry https://registry.npmjs.org/
110 silly mapToRegistry uri https://registry.npmjs.org/bindings
111 verbose addNameVersion registry:https://registry.npmjs.org/bindings not in flight; fetching
112 silly cache add parsed spec { raw: 'nan@2.0.5',
112 silly cache add   scope: null,
112 silly cache add   name: 'nan',
112 silly cache add   rawSpec: '2.0.5',
112 silly cache add   spec: '2.0.5',
112 silly cache add   type: 'version' }
113 silly addNamed nan@2.0.5
114 verbose addNamed "2.0.5" is a plain semver version for nan
115 silly mapToRegistry name nan
116 silly mapToRegistry using default registry
117 silly mapToRegistry registry https://registry.npmjs.org/
118 silly mapToRegistry uri https://registry.npmjs.org/nan
119 verbose addNameVersion registry:https://registry.npmjs.org/nan not in flight; fetching
120 verbose request uri https://registry.npmjs.org/bindings
121 verbose request no auth needed
122 info attempt registry request try #1 at 11:19:30 AM
123 verbose etag "BCS5XYG9ISNJFNKEL5FLOI5HX"
124 http request GET https://registry.npmjs.org/bindings
125 verbose request uri https://registry.npmjs.org/nan
126 verbose request no auth needed
127 info attempt registry request try #1 at 11:19:30 AM
128 verbose etag "41PIK59ZUA3ADEJCQ281I0TDQ"
129 http request GET https://registry.npmjs.org/nan
130 http 304 https://registry.npmjs.org/bindings
131 silly get cb [ 304,
131 silly get   { date: 'Mon, 17 Aug 2015 16:19:30 GMT',
131 silly get     via: '1.1 varnish',
131 silly get     'cache-control': 'max-age=60',
131 silly get     etag: '"BCS5XYG9ISNJFNKEL5FLOI5HX"',
131 silly get     age: '36',
131 silly get     connection: 'keep-alive',
131 silly get     'x-served-by': 'cache-ord1733-ORD',
131 silly get     'x-cache': 'HIT',
131 silly get     'x-cache-hits': '2',
131 silly get     'x-timer': 'S1439828370.910974,VS0,VE0',
131 silly get     vary: 'Accept' } ]
132 verbose etag https://registry.npmjs.org/bindings from cache
133 verbose get saving bindings to C:\Users\Owner\AppData\Roaming\npm-cache\registry.npmjs.org\bindings\.cache.json
134 silly cache afterAdd bindings@1.2.1
135 verbose afterAdd C:\Users\Owner\AppData\Roaming\npm-cache\bindings\1.2.1\package\package.json not in flight; writing
136 verbose afterAdd C:\Users\Owner\AppData\Roaming\npm-cache\bindings\1.2.1\package\package.json written
137 http 304 https://registry.npmjs.org/nan
138 silly get cb [ 304,
138 silly get   { date: 'Mon, 17 Aug 2015 16:19:31 GMT',
138 silly get     via: '1.1 varnish',
138 silly get     'cache-control': 'max-age=60',
138 silly get     etag: '"41PIK59ZUA3ADEJCQ281I0TDQ"',
138 silly get     age: '42',
138 silly get     connection: 'keep-alive',
138 silly get     'x-served-by': 'cache-ord1720-ORD',
138 silly get     'x-cache': 'HIT',
138 silly get     'x-cache-hits': '3',
138 silly get     'x-timer': 'S1439828371.219442,VS0,VE0',
138 silly get     vary: 'Accept' } ]
139 verbose etag https://registry.npmjs.org/nan from cache
140 verbose get saving nan to C:\Users\Owner\AppData\Roaming\npm-cache\registry.npmjs.org\nan\.cache.json
141 silly cache afterAdd nan@2.0.5
142 verbose afterAdd C:\Users\Owner\AppData\Roaming\npm-cache\nan\2.0.5\package\package.json not in flight; writing
143 verbose afterAdd C:\Users\Owner\AppData\Roaming\npm-cache\nan\2.0.5\package\package.json written
144 silly install resolved [ { name: 'bindings',
144 silly install resolved     description: 'Helper module for loading your native module\'s .node file',
144 silly install resolved     keywords: [ 'native', 'addon', 'bindings', 'gyp', 'waf', 'c', 'c++' ],
144 silly install resolved     version: '1.2.1',
144 silly install resolved     author:
144 silly install resolved      { name: 'Nathan Rajlich',
144 silly install resolved        email: 'nathan@tootallnate.net',
144 silly install resolved        url: 'http://tootallnate.net' },
144 silly install resolved     repository:
144 silly install resolved      { type: 'git',
144 silly install resolved        url: 'git://github.com/TooTallNate/node-bindings.git' },
144 silly install resolved     main: './bindings.js',
144 silly install resolved     bugs: { url: 'https://github.com/TooTallNate/node-bindings/issues' },
144 silly install resolved     homepage: 'https://github.com/TooTallNate/node-bindings',
144 silly install resolved     license: 'MIT',
144 silly install resolved     gitHead: 'e404152ee27f8478ccbc7122ee051246e8e5ec02',
144 silly install resolved     _id: 'bindings@1.2.1',
144 silly install resolved     scripts: {},
144 silly install resolved     _shasum: '14ad6113812d2d37d72e67b4cacb4bb726505f11',
144 silly install resolved     _from: 'bindings@1.2.1',
144 silly install resolved     _npmVersion: '1.4.14',
144 silly install resolved     _npmUser: { name: 'tootallnate', email: 'nathan@tootallnate.net' },
144 silly install resolved     maintainers: [ [Object], [Object] ],
144 silly install resolved     dist:
144 silly install resolved      { shasum: '14ad6113812d2d37d72e67b4cacb4bb726505f11',
144 silly install resolved        tarball: 'http://registry.npmjs.org/bindings/-/bindings-1.2.1.tgz' },
144 silly install resolved     directories: {},
144 silly install resolved     _resolved: 'https://registry.npmjs.org/bindings/-/bindings-1.2.1.tgz',
144 silly install resolved     readme: 'ERROR: No README data found!' },
144 silly install resolved   { name: 'nan',
144 silly install resolved     version: '2.0.5',
144 silly install resolved     description: 'Native Abstractions for Node.js: C++ header for Node 0.8->0.12 compatibility',
144 silly install resolved     main: 'include_dirs.js',
144 silly install resolved     repository: { type: 'git', url: 'git://github.com/nodejs/nan.git' },
144 silly install resolved     scripts:
144 silly install resolved      { test: 'tap --gc test/js/*-test.js',
144 silly install resolved        'rebuild-tests': 'pangyp rebuild --msvs_version=2013 --directory test',
144 silly install resolved        docs: 'doc/.build.sh' },
144 silly install resolved     contributors:
144 silly install resolved      [ [Object],
144 silly install resolved        [Object],
144 silly install resolved        [Object],
144 silly install resolved        [Object],
144 silly install resolved        [Object],
144 silly install resolved        [Object],
144 silly install resolved        [Object] ],
144 silly install resolved     devDependencies:
144 silly install resolved      { bindings: '~1.2.1',
144 silly install resolved        'node-gyp': '~2.0.2',
144 silly install resolved        pangyp: '~2.2.0',
144 silly install resolved        tap: '~0.7.1',
144 silly install resolved        xtend: '~4.0.0' },
144 silly install resolved     license: 'MIT',
144 silly install resolved     gitHead: 'd13a2e9ce762fd130877b53c71d35963fa2cf689',
144 silly install resolved     bugs: { url: 'https://github.com/nodejs/nan/issues' },
144 silly install resolved     homepage: 'https://github.com/nodejs/nan#readme',
144 silly install resolved     _id: 'nan@2.0.5',
144 silly install resolved     _shasum: '365888014be1fd178db0cbfa258edf7b0cb1c408',
144 silly install resolved     _from: 'nan@2.0.5',
144 silly install resolved     _npmVersion: '2.13.3',
144 silly install resolved     _nodeVersion: '3.0.0',
144 silly install resolved     _npmUser: { name: 'kkoopa', email: 'bbyholm@abo.fi' },
144 silly install resolved     maintainers: [ [Object], [Object] ],
144 silly install resolved     dist:
144 silly install resolved      { shasum: '365888014be1fd178db0cbfa258edf7b0cb1c408',
144 silly install resolved        tarball: 'http://registry.npmjs.org/nan/-/nan-2.0.5.tgz' },
144 silly install resolved     directories: {},
144 silly install resolved     _resolved: 'https://registry.npmjs.org/nan/-/nan-2.0.5.tgz',
144 silly install resolved     readme: 'ERROR: No README data found!' } ]
145 info install bindings@1.2.1 into C:\Users\Owner\Desktop\hapi\hapi-test\src\node_modules\bcrypt
146 info install nan@2.0.5 into C:\Users\Owner\Desktop\hapi\hapi-test\src\node_modules\bcrypt
147 info installOne bindings@1.2.1
148 verbose installOne of bindings to C:\Users\Owner\Desktop\hapi\hapi-test\src\node_modules\bcrypt not in flight; installing
149 info installOne nan@2.0.5
150 verbose installOne of nan to C:\Users\Owner\Desktop\hapi\hapi-test\src\node_modules\bcrypt not in flight; installing
151 verbose lock using C:\Users\Owner\AppData\Roaming\npm-cache\_locks\bindings-e5e853b466ca9408.lock for C:\Users\Owner\Desktop\hapi\hapi-test\src\node_modules\bcrypt\node_modules\bindings
152 verbose lock using C:\Users\Owner\AppData\Roaming\npm-cache\_locks\nan-871cfe954da541c8.lock for C:\Users\Owner\Desktop\hapi\hapi-test\src\node_modules\bcrypt\node_modules\nan
153 silly install write writing bindings 1.2.1 to C:\Users\Owner\Desktop\hapi\hapi-test\src\node_modules\bcrypt\node_modules\bindings
154 silly install write writing nan 2.0.5 to C:\Users\Owner\Desktop\hapi\hapi-test\src\node_modules\bcrypt\node_modules\nan
155 verbose unbuild node_modules\bcrypt\node_modules\bindings
156 verbose unbuild node_modules\bcrypt\node_modules\nan
157 silly gentlyRm C:\Users\Owner\Desktop\hapi\hapi-test\src\node_modules\bcrypt\node_modules\bindings is being purged from base C:\Users\Owner\Desktop\hapi\hapi-test\src
158 verbose gentlyRm don't care about contents; nuking C:\Users\Owner\Desktop\hapi\hapi-test\src\node_modules\bcrypt\node_modules\bindings
159 verbose tar unpack C:\Users\Owner\AppData\Roaming\npm-cache\bindings\1.2.1\package.tgz
160 verbose tar unpacking to C:\Users\Owner\Desktop\hapi\hapi-test\src\node_modules\bcrypt\node_modules\bindings
161 silly gentlyRm C:\Users\Owner\Desktop\hapi\hapi-test\src\node_modules\bcrypt\node_modules\bindings is being purged
162 verbose gentlyRm don't care about contents; nuking C:\Users\Owner\Desktop\hapi\hapi-test\src\node_modules\bcrypt\node_modules\bindings
163 silly gentlyRm C:\Users\Owner\Desktop\hapi\hapi-test\src\node_modules\bcrypt\node_modules\nan is being purged from base C:\Users\Owner\Desktop\hapi\hapi-test\src
164 verbose gentlyRm don't care about contents; nuking C:\Users\Owner\Desktop\hapi\hapi-test\src\node_modules\bcrypt\node_modules\nan
165 silly gunzTarPerm modes [ '777', '666' ]
166 verbose tar unpack C:\Users\Owner\AppData\Roaming\npm-cache\nan\2.0.5\package.tgz
167 verbose tar unpacking to C:\Users\Owner\Desktop\hapi\hapi-test\src\node_modules\bcrypt\node_modules\nan
168 silly gentlyRm C:\Users\Owner\Desktop\hapi\hapi-test\src\node_modules\bcrypt\node_modules\nan is being purged
169 verbose gentlyRm don't care about contents; nuking C:\Users\Owner\Desktop\hapi\hapi-test\src\node_modules\bcrypt\node_modules\nan
170 silly gunzTarPerm modes [ '777', '666' ]
171 silly gunzTarPerm extractEntry package.json
172 silly gunzTarPerm modified mode [ 'package.json', 420, 438 ]
173 silly gunzTarPerm extractEntry README.md
174 silly gunzTarPerm modified mode [ 'README.md', 420, 438 ]
175 silly gunzTarPerm extractEntry bindings.js
176 silly gunzTarPerm modified mode [ 'bindings.js', 420, 438 ]
177 silly gunzTarPerm extractEntry package.json
178 silly gunzTarPerm modified mode [ 'package.json', 436, 438 ]
179 silly gunzTarPerm extractEntry README.md
180 silly gunzTarPerm modified mode [ 'README.md', 436, 438 ]
181 silly gunzTarPerm extractEntry include_dirs.js
182 silly gunzTarPerm modified mode [ 'include_dirs.js', 436, 438 ]
183 silly gunzTarPerm extractEntry nan_converters.h
184 silly gunzTarPerm modified mode [ 'nan_converters.h', 436, 438 ]
185 silly gunzTarPerm extractEntry LICENSE.md
186 silly gunzTarPerm modified mode [ 'LICENSE.md', 436, 438 ]
187 silly gunzTarPerm extractEntry .dntrc
188 silly gunzTarPerm modified mode [ '.dntrc', 436, 438 ]
189 silly gunzTarPerm extractEntry appveyor.yml
190 silly gunzTarPerm modified mode [ 'appveyor.yml', 436, 438 ]
191 silly gunzTarPerm extractEntry doc/new.md
192 silly gunzTarPerm modified mode [ 'doc/new.md', 436, 438 ]
193 silly gunzTarPerm extractEntry doc/.build.sh
194 silly gunzTarPerm modified mode [ 'doc/.build.sh', 509, 511 ]
195 silly gunzTarPerm extractEntry doc/buffers.md
196 silly gunzTarPerm modified mode [ 'doc/buffers.md', 436, 438 ]
197 silly gunzTarPerm extractEntry doc/callback.md
198 silly gunzTarPerm modified mode [ 'doc/callback.md', 436, 438 ]
199 silly gunzTarPerm extractEntry doc/converters.md
200 silly gunzTarPerm modified mode [ 'doc/converters.md', 436, 438 ]
201 silly gunzTarPerm extractEntry doc/errors.md
202 silly gunzTarPerm modified mode [ 'doc/errors.md', 436, 438 ]
203 silly gunzTarPerm extractEntry doc/maybe_types.md
204 silly gunzTarPerm modified mode [ 'doc/maybe_types.md', 436, 438 ]
205 silly gunzTarPerm extractEntry doc/methods.md
206 silly gunzTarPerm modified mode [ 'doc/methods.md', 436, 438 ]
207 silly gunzTarPerm extractEntry doc/asyncworker.md
208 silly gunzTarPerm modified mode [ 'doc/asyncworker.md', 436, 438 ]
209 silly gunzTarPerm extractEntry doc/node_misc.md
210 silly gunzTarPerm modified mode [ 'doc/node_misc.md', 436, 438 ]
211 verbose write writing to C:\Users\Owner\Desktop\hapi\hapi-test\src\node_modules\bcrypt\node_modules\bindings\package.json
212 silly gunzTarPerm extractEntry doc/persistent.md
213 silly gunzTarPerm modified mode [ 'doc/persistent.md', 436, 438 ]
214 silly gunzTarPerm extractEntry doc/scopes.md
215 silly gunzTarPerm modified mode [ 'doc/scopes.md', 436, 438 ]
216 info preinstall bindings@1.2.1
217 verbose readDependencies loading dependencies from C:\Users\Owner\Desktop\hapi\hapi-test\src\node_modules\bcrypt\node_modules\bindings\package.json
218 silly gunzTarPerm extractEntry doc/script.md
219 silly gunzTarPerm modified mode [ 'doc/script.md', 436, 438 ]
220 silly gunzTarPerm extractEntry doc/string_bytes.md
221 silly gunzTarPerm modified mode [ 'doc/string_bytes.md', 436, 438 ]
222 verbose readDependencies loading dependencies from C:\Users\Owner\Desktop\hapi\hapi-test\src\node_modules\bcrypt\node_modules\bindings\package.json
223 silly install resolved []
224 verbose about to build C:\Users\Owner\Desktop\hapi\hapi-test\src\node_modules\bcrypt\node_modules\bindings
225 info build C:\Users\Owner\Desktop\hapi\hapi-test\src\node_modules\bcrypt\node_modules\bindings
226 info linkStuff bindings@1.2.1
227 silly linkStuff bindings@1.2.1 has C:\Users\Owner\Desktop\hapi\hapi-test\src\node_modules\bcrypt\node_modules as its parent node_modules
228 verbose linkBins bindings@1.2.1
229 verbose linkMans bindings@1.2.1
230 verbose rebuildBundles bindings@1.2.1
231 info install bindings@1.2.1
232 silly gunzTarPerm extractEntry doc/v8_internals.md
233 silly gunzTarPerm modified mode [ 'doc/v8_internals.md', 436, 438 ]
234 silly gunzTarPerm extractEntry doc/v8_misc.md
235 silly gunzTarPerm modified mode [ 'doc/v8_misc.md', 436, 438 ]
236 info postinstall bindings@1.2.1
237 verbose unlock done using C:\Users\Owner\AppData\Roaming\npm-cache\_locks\bindings-e5e853b466ca9408.lock for C:\Users\Owner\Desktop\hapi\hapi-test\src\node_modules\bcrypt\node_modules\bindings
238 silly gunzTarPerm extractEntry nan.h
239 silly gunzTarPerm modified mode [ 'nan.h', 436, 438 ]
240 silly gunzTarPerm extractEntry nan_callbacks.h
241 silly gunzTarPerm modified mode [ 'nan_callbacks.h', 436, 438 ]
242 silly gunzTarPerm extractEntry nan_callbacks_12_inl.h
243 silly gunzTarPerm modified mode [ 'nan_callbacks_12_inl.h', 436, 438 ]
244 silly gunzTarPerm extractEntry nan_callbacks_pre_12_inl.h
245 silly gunzTarPerm modified mode [ 'nan_callbacks_pre_12_inl.h', 436, 438 ]
246 silly gunzTarPerm extractEntry nan_converters_43_inl.h
247 silly gunzTarPerm modified mode [ 'nan_converters_43_inl.h', 436, 438 ]
248 silly gunzTarPerm extractEntry nan_converters_pre_43_inl.h
249 silly gunzTarPerm modified mode [ 'nan_converters_pre_43_inl.h', 436, 438 ]
250 silly gunzTarPerm extractEntry nan_implementation_12_inl.h
251 silly gunzTarPerm modified mode [ 'nan_implementation_12_inl.h', 436, 438 ]
252 silly gunzTarPerm extractEntry nan_implementation_pre_12_inl.h
253 silly gunzTarPerm modified mode [ 'nan_implementation_pre_12_inl.h', 436, 438 ]
254 silly gunzTarPerm extractEntry nan_maybe_43_inl.h
255 silly gunzTarPerm modified mode [ 'nan_maybe_43_inl.h', 436, 438 ]
256 silly gunzTarPerm extractEntry nan_maybe_pre_43_inl.h
257 silly gunzTarPerm modified mode [ 'nan_maybe_pre_43_inl.h', 436, 438 ]
258 silly gunzTarPerm extractEntry nan_new.h
259 silly gunzTarPerm modified mode [ 'nan_new.h', 436, 438 ]
260 silly gunzTarPerm extractEntry nan_object_wrap.h
261 silly gunzTarPerm modified mode [ 'nan_object_wrap.h', 436, 438 ]
262 silly gunzTarPerm extractEntry nan_persistent_12_inl.h
263 silly gunzTarPerm modified mode [ 'nan_persistent_12_inl.h', 436, 438 ]
264 silly gunzTarPerm extractEntry nan_persistent_pre_12_inl.h
265 silly gunzTarPerm modified mode [ 'nan_persistent_pre_12_inl.h', 436, 438 ]
266 silly gunzTarPerm extractEntry nan_string_bytes.h
267 silly gunzTarPerm modified mode [ 'nan_string_bytes.h', 436, 438 ]
268 silly gunzTarPerm extractEntry nan_weak.h
269 silly gunzTarPerm modified mode [ 'nan_weak.h', 436, 438 ]
270 silly gunzTarPerm extractEntry CHANGELOG.md
271 silly gunzTarPerm modified mode [ 'CHANGELOG.md', 436, 438 ]
272 silly gunzTarPerm extractEntry tools/package.json
273 silly gunzTarPerm modified mode [ 'tools/package.json', 436, 438 ]
274 silly gunzTarPerm extractEntry tools/README.md
275 silly gunzTarPerm modified mode [ 'tools/README.md', 436, 438 ]
276 silly gunzTarPerm extractEntry tools/1to2.js
277 silly gunzTarPerm modified mode [ 'tools/1to2.js', 509, 511 ]
278 verbose write writing to C:\Users\Owner\Desktop\hapi\hapi-test\src\node_modules\bcrypt\node_modules\nan\package.json
279 info preinstall nan@2.0.5
280 verbose readDependencies loading dependencies from C:\Users\Owner\Desktop\hapi\hapi-test\src\node_modules\bcrypt\node_modules\nan\package.json
281 verbose readDependencies loading dependencies from C:\Users\Owner\Desktop\hapi\hapi-test\src\node_modules\bcrypt\node_modules\nan\package.json
282 silly install resolved []
283 verbose about to build C:\Users\Owner\Desktop\hapi\hapi-test\src\node_modules\bcrypt\node_modules\nan
284 info build C:\Users\Owner\Desktop\hapi\hapi-test\src\node_modules\bcrypt\node_modules\nan
285 info linkStuff nan@2.0.5
286 silly linkStuff nan@2.0.5 has C:\Users\Owner\Desktop\hapi\hapi-test\src\node_modules\bcrypt\node_modules as its parent node_modules
287 verbose linkBins nan@2.0.5
288 verbose linkMans nan@2.0.5
289 verbose rebuildBundles nan@2.0.5
290 info install nan@2.0.5
291 info postinstall nan@2.0.5
292 verbose unlock done using C:\Users\Owner\AppData\Roaming\npm-cache\_locks\nan-871cfe954da541c8.lock for C:\Users\Owner\Desktop\hapi\hapi-test\src\node_modules\bcrypt\node_modules\nan
293 verbose about to build C:\Users\Owner\Desktop\hapi\hapi-test\src\node_modules\bcrypt
294 info build C:\Users\Owner\Desktop\hapi\hapi-test\src\node_modules\bcrypt
295 info linkStuff bcrypt@0.8.5
296 silly linkStuff bcrypt@0.8.5 has C:\Users\Owner\Desktop\hapi\hapi-test\src\node_modules as its parent node_modules
297 verbose linkBins bcrypt@0.8.5
298 verbose linkMans bcrypt@0.8.5
299 verbose rebuildBundles bcrypt@0.8.5
300 verbose rebuildBundles [ 'bindings', 'nan' ]
301 info install bcrypt@0.8.5
302 verbose unsafe-perm in lifecycle true
303 info bcrypt@0.8.5 Failed to exec install script
304 verbose unlock done using C:\Users\Owner\AppData\Roaming\npm-cache\_locks\bcrypt-fb200197714ad3b8.lock for C:\Users\Owner\Desktop\hapi\hapi-test\src\node_modules\bcrypt
305 verbose stack Error: bcrypt@0.8.5 install: `node-gyp rebuild`
305 verbose stack Exit status 1
305 verbose stack     at EventEmitter.<anonymous> (C:\Program Files (x86)\nodejs\node_modules\npm\lib\utils\lifecycle.js:213:16)
305 verbose stack     at EventEmitter.emit (events.js:110:17)
305 verbose stack     at ChildProcess.<anonymous> (C:\Program Files (x86)\nodejs\node_modules\npm\lib\utils\spawn.js:24:14)
305 verbose stack     at ChildProcess.emit (events.js:110:17)
305 verbose stack     at maybeClose (child_process.js:1015:16)
305 verbose stack     at Process.ChildProcess._handle.onexit (child_process.js:1087:5)
306 verbose pkgid bcrypt@0.8.5
307 verbose cwd C:\Users\Owner\Desktop\hapi\hapi-test\src
308 error Windows_NT 6.3.9600
309 error argv "C:\\Program Files (x86)\\nodejs\\\\node.exe" "C:\\Program Files (x86)\\nodejs\\node_modules\\npm\\bin\\npm-cli.js" "install" "bcrypt"
310 error node v0.12.7
311 error npm  v2.11.3
312 error code ELIFECYCLE
313 error bcrypt@0.8.5 install: `node-gyp rebuild`
313 error Exit status 1
314 error Failed at the bcrypt@0.8.5 install script 'node-gyp rebuild'.
314 error This is most likely a problem with the bcrypt package,
314 error not with npm itself.
314 error Tell the author that this fails on your system:
314 error     node-gyp rebuild
314 error You can get their info via:
314 error     npm owner ls bcrypt
314 error There is likely additional logging output above.
315 verbose exit [ 1, true ]
316 verbose unbuild node_modules\bcrypt
317 info preuninstall bcrypt@0.8.5
318 info uninstall bcrypt@0.8.5
319 verbose unbuild rmStuff bcrypt@0.8.5 from C:\Users\Owner\Desktop\hapi\hapi-test\src\node_modules
320 info postuninstall bcrypt@0.8.5
321 silly gentlyRm C:\Users\Owner\Desktop\hapi\hapi-test\src\node_modules\bcrypt is being purged from base C:\Users\Owner\Desktop\hapi\hapi-test\src
322 verbose gentlyRm don't care about contents; nuking C:\Users\Owner\Desktop\hapi\hapi-test\src\node_modules\bcrypt
323 silly vacuum-fs purging C:\Users\Owner\Desktop\hapi\hapi-test\src\node_modules\bcrypt
324 silly vacuum-fs quitting because other entries in C:\Users\Owner\Desktop\hapi\hapi-test\src\node_modules
